Using pre-set license
Built from '2020.3/staging' branch; Version is '2020.3.6f1 (338bb68529b2) revision 3378102'; Using compiler version '192528614'; Build Type 'Release'
OS: 'Windows 10 Enterprise; OS build 18363.1679; Version 1909; 64bit' Language: 'en' Physical Memory: 8075 MB
BatchMode: 1, IsHumanControllingUs: 0, StartBugReporterOnCrash: 0, Is64bit: 1, IsPro: 0

 COMMAND LINE ARGUMENTS:
C:\Program Files\Unity\Hub\Editor\2020.3.6f1\Editor\Unity.exe
-adb2
-batchMode
-noUpm
-name
AssetImportWorker1
-projectPath
E:/UNITY/infect-clean/infect-clean
-logFile
Logs/AssetImportWorker1.log
-srvPort
51933
Successfully changed project path to: E:/UNITY/infect-clean/infect-clean
E:/UNITY/infect-clean/infect-clean
Using Asset Import Pipeline V2.
Refreshing native plugins compatible for Editor in 45.05 ms, found 0 plugins.
Preloading 0 native plugins for Editor in 0.00 ms.
Initialize engine version: 2020.3.6f1 (338bb68529b2)
[Subsystems] Discovering subsystems at path C:/Program Files/Unity/Hub/Editor/2020.3.6f1/Editor/Data/Resources/UnitySubsystems
[Subsystems] Discovering subsystems at path E:/UNITY/infect-clean/infect-clean/Assets
GfxDevice: creating device client; threaded=0
Direct3D:
    Version:  Direct3D 11.0 [level 11.1]
    Renderer: NVIDIA GeForce GTX 1050 (ID=0x1c8d)
    Vendor:   
    VRAM:     4029 MB
    Driver:   23.21.13.8816
Initialize mono
Mono path[0] = 'C:/Program Files/Unity/Hub/Editor/2020.3.6f1/Editor/Data/Managed'
Mono path[1] = 'C:/Program Files/Unity/Hub/Editor/2020.3.6f1/Editor/Data/MonoBleedingEdge/lib/mono/unityjit'
Mono config path = 'C:/Program Files/Unity/Hub/Editor/2020.3.6f1/Editor/Data/MonoBleedingEdge/etc'
Using monoOptions --debugger-agent=transport=dt_socket,embedding=1,server=y,suspend=n,address=127.0.0.1:56136
Begin MonoManager ReloadAssembly
Registering precompiled unity dll's ...
Register platform support module: C:/Program Files/Unity/Hub/Editor/2020.3.6f1/Editor/Data/PlaybackEngines/WebGLSupport/UnityEditor.WebGL.Extensions.dll
Register platform support module: C:/Program Files/Unity/Hub/Editor/2020.3.6f1/Editor/Data/PlaybackEngines/WindowsStandaloneSupport/UnityEditor.WindowsStandalone.Extensions.dll
Registered in 0.002272 seconds.
Native extension for WindowsStandalone target not found
Native extension for WebGL target not found
Refreshing native plugins compatible for Editor in 40.03 ms, found 0 plugins.
Preloading 0 native plugins for Editor in 0.00 ms.
Mono: successfully reloaded assembly
- Completed reload, in  2.244 seconds
Platform modules already initialized, skipping
Registering precompiled user dll's ...
Registered in 0.001079 seconds.
Begin MonoManager ReloadAssembly
Native extension for WindowsStandalone target not found
Native extension for WebGL target not found
Refreshing native plugins compatible for Editor in 0.21 ms, found 0 plugins.
Preloading 0 native plugins for Editor in 0.00 ms.
Mono: successfully reloaded assembly
- Completed reload, in  1.721 seconds
Platform modules already initialized, skipping
========================================================================
Worker process is ready to serve import requests
Launched and connected shader compiler UnityShaderCompiler.exe after 0.16 seconds
Refreshing native plugins compatible for Editor in 0.25 ms, found 0 plugins.
Preloading 0 native plugins for Editor in 0.00 ms.
Unloading 1116 Unused Serialized files (Serialized files now loaded: 0)
System memory in use before: 57.3 MB.
System memory in use after: 57.3 MB.

Unloading 10 unused Assets to reduce memory usage. Loaded Objects now: 1557.
Total: 7.667700 ms (FindLiveObjects: 4.139700 ms CreateObjectMapping: 0.220700 ms MarkObjects: 3.179100 ms  DeleteObjects: 0.125900 ms)

========================================================================
Received Import Request.
  path: Assets/Sprite/petugas/depan1.png
  artifactKey: Guid(c3bfe4313347fa44bb9a8e8d9f2bcf6e) Importer(815301076,1909f56bfc062723c751e8b465ee728b)
Start importing Assets/Sprite/petugas/depan1.png using Guid(c3bfe4313347fa44bb9a8e8d9f2bcf6e) Importer(815301076,1909f56bfc062723c751e8b465ee728b)  -> (artifact id: '3ae89acc2f4166c52b44a18f3e4a4733') in 0.768724 seconds
  Import took 0.875181 seconds .

========================================================================
Received Import Request.
  Time since last request: 0.000254 seconds.
  path: Assets/Sprite/mask
  artifactKey: Guid(55e56cd69949da44f9314d412df4cf12) Importer(815301076,1909f56bfc062723c751e8b465ee728b)
Start importing Assets/Sprite/mask using Guid(55e56cd69949da44f9314d412df4cf12) Importer(815301076,1909f56bfc062723c751e8b465ee728b)  -> (artifact id: '972c40414ced945571910f99476ff204') in 0.039565 seconds
  Import took 0.101901 seconds .

========================================================================
Received Import Request.
  Time since last request: 0.000199 seconds.
  path: Assets/Sprite/mask/ibu mask.png
  artifactKey: Guid(1475dc416d48344478693de0b4ff1292) Importer(815301076,1909f56bfc062723c751e8b465ee728b)
Start importing Assets/Sprite/mask/ibu mask.png using Guid(1475dc416d48344478693de0b4ff1292) Importer(815301076,1909f56bfc062723c751e8b465ee728b)  -> (artifact id: 'cf41c3db11a77dd09d1155a0c05914a2') in 0.270894 seconds
  Import took 0.310893 seconds .

========================================================================
Received Import Request.
  Time since last request: 0.000256 seconds.
  path: Assets/Sprite/orang/bapa.png
  artifactKey: Guid(0c0cf70c8f60c3746abcb37c8211fc66) Importer(815301076,1909f56bfc062723c751e8b465ee728b)
Start importing Assets/Sprite/orang/bapa.png using Guid(0c0cf70c8f60c3746abcb37c8211fc66) Importer(815301076,1909f56bfc062723c751e8b465ee728b)  -> (artifact id: '4b9c1f3771498c87be8f660b55506a07') in 0.067124 seconds
  Import took 0.117874 seconds .

========================================================================
Received Import Request.
  Time since last request: 0.000298 seconds.
  path: Assets/Sprite/petugas/spray.png
  artifactKey: Guid(cbd676e877735f74390386b569018cc3) Importer(815301076,1909f56bfc062723c751e8b465ee728b)
Start importing Assets/Sprite/petugas/spray.png using Guid(cbd676e877735f74390386b569018cc3) Importer(815301076,1909f56bfc062723c751e8b465ee728b)  -> (artifact id: '21e3ebf5e3cb711576ec1b1a4513c4e2') in 0.374337 seconds
  Import took 0.381642 seconds .

========================================================================
Received Import Request.
  Time since last request: 0.003014 seconds.
  path: Assets/Sprite/petugas
  artifactKey: Guid(f95cd8378d1bf344a9c13002914b6577) Importer(815301076,1909f56bfc062723c751e8b465ee728b)
Start importing Assets/Sprite/petugas using Guid(f95cd8378d1bf344a9c13002914b6577) Importer(815301076,1909f56bfc062723c751e8b465ee728b)  -> (artifact id: 'eb5f07ff3fc439ee2af30b43f85bedbb') in 0.196543 seconds
  Import took 0.294856 seconds .

========================================================================
Received Import Request.
  Time since last request: 0.000418 seconds.
  path: Assets/Sprite/petugas/disinfect kiri.png
  artifactKey: Guid(31fd3f7f0092eda4584676f5157607b3) Importer(815301076,1909f56bfc062723c751e8b465ee728b)
Start importing Assets/Sprite/petugas/disinfect kiri.png using Guid(31fd3f7f0092eda4584676f5157607b3) Importer(815301076,1909f56bfc062723c751e8b465ee728b)  -> (artifact id: '841ee4d703373730b31068b49a12fd9e') in 0.215665 seconds
  Import took 0.218503 seconds .

========================================================================
Received Import Request.
  Time since last request: 0.000266 seconds.
  path: Assets/Sprite/mask/anak mask.png
  artifactKey: Guid(47299eff3c798bf439480cccca047c1d) Importer(815301076,1909f56bfc062723c751e8b465ee728b)
Start importing Assets/Sprite/mask/anak mask.png using Guid(47299eff3c798bf439480cccca047c1d) Importer(815301076,1909f56bfc062723c751e8b465ee728b)  -> (artifact id: '703c61cdba9b4d3b32b8d0843a3893d5') in 0.073977 seconds
  Import took 0.112316 seconds .

========================================================================
Received Import Request.
  Time since last request: 0.001051 seconds.
  path: Assets/Sprite/petugas/blkg3.png
  artifactKey: Guid(eb955298de096f844a25cd81fe987703) Importer(815301076,1909f56bfc062723c751e8b465ee728b)
Start importing Assets/Sprite/petugas/blkg3.png using Guid(eb955298de096f844a25cd81fe987703) Importer(815301076,1909f56bfc062723c751e8b465ee728b)  -> (artifact id: 'fb9c2d8e6617833bf7f8139bf17d62ba') in 0.128967 seconds
  Import took 0.160201 seconds .

========================================================================
Received Import Request.
  Time since last request: 0.000354 seconds.
  path: Assets/Sprite/background.png
  artifactKey: Guid(84bd11356488d4a4b97197d49cf41122) Importer(815301076,1909f56bfc062723c751e8b465ee728b)
Start importing Assets/Sprite/background.png using Guid(84bd11356488d4a4b97197d49cf41122) Importer(815301076,1909f56bfc062723c751e8b465ee728b)  -> (artifact id: '30c008ae6c1a0007f18fd0fc16490154') in 0.115168 seconds
  Import took 0.148471 seconds .

========================================================================
Received Import Request.
  Time since last request: 0.000440 seconds.
  path: Assets/Sprite/ambulan
  artifactKey: Guid(1bfc420513d264442a24b381d68c8bca) Importer(815301076,1909f56bfc062723c751e8b465ee728b)
Start importing Assets/Sprite/ambulan using Guid(1bfc420513d264442a24b381d68c8bca) Importer(815301076,1909f56bfc062723c751e8b465ee728b)  -> (artifact id: '733b59d4e0000c514225b843de179667') in 0.017412 seconds
  Import took 0.024239 seconds .

========================================================================
Received Import Request.
  Time since last request: 0.000285 seconds.
  path: Assets/Sprite/orang/nenek.png
  artifactKey: Guid(b206c0ba8ca308347ac060d238a37913) Importer(815301076,1909f56bfc062723c751e8b465ee728b)
Start importing Assets/Sprite/orang/nenek.png using Guid(b206c0ba8ca308347ac060d238a37913) Importer(815301076,1909f56bfc062723c751e8b465ee728b)  -> (artifact id: '24b5b8c970b0637604c8bcb0a66b185f') in 0.037515 seconds
  Import took 0.048741 seconds .

========================================================================
Received Import Request.
  Time since last request: 0.000308 seconds.
  path: Assets/Sprite/petugas/kiri1.png
  artifactKey: Guid(b0abca120f65ee949b5a229df9144132) Importer(815301076,1909f56bfc062723c751e8b465ee728b)
Start importing Assets/Sprite/petugas/kiri1.png using Guid(b0abca120f65ee949b5a229df9144132) Importer(815301076,1909f56bfc062723c751e8b465ee728b)  -> (artifact id: '9a88a21a8d8dcb308bfddb64d34deb65') in 0.314615 seconds
  Import took 0.317646 seconds .

========================================================================
Received Import Request.
  Time since last request: 0.000359 seconds.
  path: Assets/Sprite/petugas/blkg1.png
  artifactKey: Guid(669e60cf5542b0c44add355d3729a232) Importer(815301076,1909f56bfc062723c751e8b465ee728b)
Start importing Assets/Sprite/petugas/blkg1.png using Guid(669e60cf5542b0c44add355d3729a232) Importer(815301076,1909f56bfc062723c751e8b465ee728b)  -> (artifact id: '8567d30318fdd505bb3e3834c70737e5') in 0.198821 seconds
  Import took 0.202107 seconds .

========================================================================
Received Import Request.
  Time since last request: 0.001117 seconds.
  path: Assets/Sprite/petugas/depan2.png
  artifactKey: Guid(5d5cfab8ac95f3d47a6aad401827a0d9) Importer(815301076,1909f56bfc062723c751e8b465ee728b)
Start importing Assets/Sprite/petugas/depan2.png using Guid(5d5cfab8ac95f3d47a6aad401827a0d9) Importer(815301076,1909f56bfc062723c751e8b465ee728b)  -> (artifact id: 'efff31fbf302ef4bdaead66667c5f6d5') in 0.149006 seconds
  Import took 0.236185 seconds .

========================================================================
Received Import Request.
  Time since last request: 0.000310 seconds.
  path: Assets/Sprite/petugas/depan3.png
  artifactKey: Guid(d446a21eb4f7dcb489c501b9fc2f9bd7) Importer(815301076,1909f56bfc062723c751e8b465ee728b)
Start importing Assets/Sprite/petugas/depan3.png using Guid(d446a21eb4f7dcb489c501b9fc2f9bd7) Importer(815301076,1909f56bfc062723c751e8b465ee728b)  -> (artifact id: 'c8f89e15a09528313ba8b6bc15d60768') in 0.226397 seconds
  Import took 0.278062 seconds .

========================================================================
Received Import Request.
  Time since last request: 0.000332 seconds.
  path: Assets/Sprite/mask/bapa mask.png
  artifactKey: Guid(fba023d2024653b42aab94a70e361cf1) Importer(815301076,1909f56bfc062723c751e8b465ee728b)
Start importing Assets/Sprite/mask/bapa mask.png using Guid(fba023d2024653b42aab94a70e361cf1) Importer(815301076,1909f56bfc062723c751e8b465ee728b)  -> (artifact id: '25b651a41e53a798597a6bc622348c91') in 0.150947 seconds
  Import took 0.214365 seconds .

========================================================================
Received Import Request.
  Time since last request: 0.000258 seconds.
  path: Assets/Sprite/orang/anak mask.png
  artifactKey: Guid(e3183e4bea398cb4a848c0729ef67559) Importer(815301076,1909f56bfc062723c751e8b465ee728b)
Start importing Assets/Sprite/orang/anak mask.png using Guid(e3183e4bea398cb4a848c0729ef67559) Importer(815301076,1909f56bfc062723c751e8b465ee728b)  -> (artifact id: '0523ad3ffc4db6bfa789f4d9163374ea') in 0.026271 seconds
  Import took 0.106081 seconds .

========================================================================
Received Import Request.
  Time since last request: 0.000292 seconds.
  path: Assets/Sprite/orang/ibu.png
  artifactKey: Guid(ce680f746317fad4a8ce8e7ebfcad2c9) Importer(815301076,1909f56bfc062723c751e8b465ee728b)
Start importing Assets/Sprite/orang/ibu.png using Guid(ce680f746317fad4a8ce8e7ebfcad2c9) Importer(815301076,1909f56bfc062723c751e8b465ee728b)  -> (artifact id: '7312d1d3b961f598b9899d1fbd2fa14f') in 0.075079 seconds
  Import took 0.077667 seconds .

========================================================================
Received Import Request.
  Time since last request: 0.000251 seconds.
  path: Assets/Sprite/petugas/disinfect kanan.png
  artifactKey: Guid(bdab77cce6ab23a4c99462b5d48d413d) Importer(815301076,1909f56bfc062723c751e8b465ee728b)
Start importing Assets/Sprite/petugas/disinfect kanan.png using Guid(bdab77cce6ab23a4c99462b5d48d413d) Importer(815301076,1909f56bfc062723c751e8b465ee728b)  -> (artifact id: 'c6b33e34155be87c2238aa1f77907992') in 0.362464 seconds
  Import took 0.372942 seconds .

========================================================================
Received Import Request.
  Time since last request: 0.000315 seconds.
  path: Assets/Sprite/petugas/kanan3.png
  artifactKey: Guid(10f30e7486f676e42b932a383211a199) Importer(815301076,1909f56bfc062723c751e8b465ee728b)
Start importing Assets/Sprite/petugas/kanan3.png using Guid(10f30e7486f676e42b932a383211a199) Importer(815301076,1909f56bfc062723c751e8b465ee728b)  -> (artifact id: '22bcf59ea0c20213751bce65b4eb2093') in 0.217394 seconds
  Import took 0.248409 seconds .

========================================================================
Received Import Request.
  Time since last request: 0.000260 seconds.
  path: Assets/Sprite/mask/ibu hjb mask.png
  artifactKey: Guid(78f8a1d5ef0c90e41acb3239f2e59669) Importer(815301076,1909f56bfc062723c751e8b465ee728b)
Start importing Assets/Sprite/mask/ibu hjb mask.png using Guid(78f8a1d5ef0c90e41acb3239f2e59669) Importer(815301076,1909f56bfc062723c751e8b465ee728b)  -> (artifact id: '4c66ee2cb4b03ed88f098476acb27084') in 0.329203 seconds
  Import took 0.399378 seconds .

========================================================================
Received Import Request.
  Time since last request: 0.000456 seconds.
  path: Assets/Sprite/petugas/kanan2.png
  artifactKey: Guid(63686a03cf9eddc43a10c38fece0f46d) Importer(815301076,1909f56bfc062723c751e8b465ee728b)
Start importing Assets/Sprite/petugas/kanan2.png using Guid(63686a03cf9eddc43a10c38fece0f46d) Importer(815301076,1909f56bfc062723c751e8b465ee728b)  -> (artifact id: '13809c3d8b901be9e4123616f69d6ff5') in 0.270362 seconds
  Import took 0.299507 seconds .

========================================================================
Received Import Request.
  Time since last request: 0.000392 seconds.
  path: Assets/Sprite
  artifactKey: Guid(2ec348fa683af464d90ea0cd9260a472) Importer(815301076,1909f56bfc062723c751e8b465ee728b)
Start importing Assets/Sprite using Guid(2ec348fa683af464d90ea0cd9260a472) Importer(815301076,1909f56bfc062723c751e8b465ee728b)  -> (artifact id: '387d96d3ede7dfbe2cd4d4023d8be0df') in 0.015846 seconds
  Import took 0.037273 seconds .

========================================================================
Received Import Request.
  Time since last request: 0.000215 seconds.
  path: Assets/Sprite/petugas/kiri2.png
  artifactKey: Guid(41761e173c511db479917e74258f3601) Importer(815301076,1909f56bfc062723c751e8b465ee728b)
Start importing Assets/Sprite/petugas/kiri2.png using Guid(41761e173c511db479917e74258f3601) Importer(815301076,1909f56bfc062723c751e8b465ee728b)  -> (artifact id: 'bbd412cc23015480c980d94919839065') in 0.126966 seconds
  Import took 0.130185 seconds .

========================================================================
Received Import Request.
  Time since last request: 0.000318 seconds.
  path: Assets/Sprite/orang
  artifactKey: Guid(3a8c4ecc7c87dc647be0db9e42f1145d) Importer(815301076,1909f56bfc062723c751e8b465ee728b)
Start importing Assets/Sprite/orang using Guid(3a8c4ecc7c87dc647be0db9e42f1145d) Importer(815301076,1909f56bfc062723c751e8b465ee728b)  -> (artifact id: '48b377e7c29a5bd6e2dba0d4888d227d') in 0.035596 seconds
  Import took 0.075379 seconds .

========================================================================
Received Import Request.
  Time since last request: 0.001380 seconds.
  path: Assets/Sprite/mask/nenek mask.png
  artifactKey: Guid(80dd766806bc88748bdf5435ee2e1c6c) Importer(815301076,1909f56bfc062723c751e8b465ee728b)
Start importing Assets/Sprite/mask/nenek mask.png using Guid(80dd766806bc88748bdf5435ee2e1c6c) Importer(815301076,1909f56bfc062723c751e8b465ee728b)  -> (artifact id: '4053493711c1093c0a39fe5e05c83a22') in 0.097257 seconds
  Import took 0.235452 seconds .

========================================================================
Received Import Request.
  Time since last request: 0.000397 seconds.
  path: Assets/Sprite/petugas/kanan1.png
  artifactKey: Guid(3ca047e59d190a7458c9720a7a2deb0d) Importer(815301076,1909f56bfc062723c751e8b465ee728b)
Start importing Assets/Sprite/petugas/kanan1.png using Guid(3ca047e59d190a7458c9720a7a2deb0d) Importer(815301076,1909f56bfc062723c751e8b465ee728b)  -> (artifact id: '8112a9100818bf1668d010d33117e71c') in 0.223283 seconds
  Import took 0.338423 seconds .

========================================================================
Received Import Request.
  Time since last request: 0.000462 seconds.
  path: Assets/Sprite/petugas/kiri3.png
  artifactKey: Guid(0ec2a1b9210112a41a9e73898f38979c) Importer(815301076,1909f56bfc062723c751e8b465ee728b)
Start importing Assets/Sprite/petugas/kiri3.png using Guid(0ec2a1b9210112a41a9e73898f38979c) Importer(815301076,1909f56bfc062723c751e8b465ee728b)  -> (artifact id: '3a47a13400be2345d316b1b1b26aa1ed') in 0.117540 seconds
  Import took 0.168774 seconds .

========================================================================
Received Import Request.
  Time since last request: 0.000329 seconds.
  path: Assets/Sprite/petugas/blkg2.png
  artifactKey: Guid(0ebb43dc67a54dc4a9f79103d9164af1) Importer(815301076,1909f56bfc062723c751e8b465ee728b)
Start importing Assets/Sprite/petugas/blkg2.png using Guid(0ebb43dc67a54dc4a9f79103d9164af1) Importer(815301076,1909f56bfc062723c751e8b465ee728b)  -> (artifact id: '9ea84e211610535098950a49081af2a9') in 0.316275 seconds
  Import took 0.445488 seconds .

========================================================================
Received Import Request.
  Time since last request: 0.000303 seconds.
  path: Assets/Sprite/orang/ibu hjb.png
  artifactKey: Guid(62aa144db1764f94ebc6c90a105f56e6) Importer(815301076,1909f56bfc062723c751e8b465ee728b)
Start importing Assets/Sprite/orang/ibu hjb.png using Guid(62aa144db1764f94ebc6c90a105f56e6) Importer(815301076,1909f56bfc062723c751e8b465ee728b)  -> (artifact id: 'd4af84f1428f02acbabba13bd481e145') in 0.162147 seconds
  Import took 0.204873 seconds .

========================================================================
Received Import Request.
  Time since last request: 0.000243 seconds.
  path: Assets/Sprite/mask/anak2 mask.png
  artifactKey: Guid(869ca41e5efbc364a98de2dc6bc2f795) Importer(815301076,1909f56bfc062723c751e8b465ee728b)
Start importing Assets/Sprite/mask/anak2 mask.png using Guid(869ca41e5efbc364a98de2dc6bc2f795) Importer(815301076,1909f56bfc062723c751e8b465ee728b)  -> (artifact id: 'a08d80695b6d0de362f7953128b5045a') in 0.063594 seconds
  Import took 0.125117 seconds .

========================================================================
Received Import Request.
  Time since last request: 0.000569 seconds.
  path: Assets/Sprite/orang/anak2.png
  artifactKey: Guid(32ee7008d3e6a504ca4f8f34f90231a3) Importer(815301076,1909f56bfc062723c751e8b465ee728b)
Start importing Assets/Sprite/orang/anak2.png using Guid(32ee7008d3e6a504ca4f8f34f90231a3) Importer(815301076,1909f56bfc062723c751e8b465ee728b)  -> (artifact id: '892b0f18353174d24cfe19eca56547ec') in 0.067411 seconds
  Import took 0.102714 seconds .

========================================================================
Received Import Request.
  Time since last request: 0.826288 seconds.
  path: Assets/Sprite/ambulan/belakang.png
  artifactKey: Guid(73532d4a2b3983843bd450dc5256de74) Importer(815301076,1909f56bfc062723c751e8b465ee728b)
Start importing Assets/Sprite/ambulan/belakang.png using Guid(73532d4a2b3983843bd450dc5256de74) Importer(815301076,1909f56bfc062723c751e8b465ee728b)  -> (artifact id: '19a9743335100cbbd302bec5a6240142') in 0.381410 seconds
  Import took 0.492214 seconds .

========================================================================
Received Import Request.
  Time since last request: 0.000432 seconds.
  path: Assets/Sprite/ambulan/depan.png
  artifactKey: Guid(d5f456ae7eee9d44c8dd3e651f4caefc) Importer(815301076,1909f56bfc062723c751e8b465ee728b)
Start importing Assets/Sprite/ambulan/depan.png using Guid(d5f456ae7eee9d44c8dd3e651f4caefc) Importer(815301076,1909f56bfc062723c751e8b465ee728b)  -> (artifact id: 'e97bbc524b67eb016e25c24830a133b9') in 0.099484 seconds
  Import took 0.129343 seconds .

========================================================================
Received Import Request.
  Time since last request: 0.000311 seconds.
  path: Assets/Sprite/ambulan/samping.png
  artifactKey: Guid(ac672e39a77a04d4fb139b292ce5f9df) Importer(815301076,1909f56bfc062723c751e8b465ee728b)
Start importing Assets/Sprite/ambulan/samping.png using Guid(ac672e39a77a04d4fb139b292ce5f9df) Importer(815301076,1909f56bfc062723c751e8b465ee728b)  -> (artifact id: 'b38fd0b935783e21a798003b5576eea9') in 0.253471 seconds
  Import took 0.337994 seconds .

AssetImportWorkerClient::OnTransportError - code=2 error=End of file
